<?xml version="1.0" encoding="UTF-8"?>
<!-- Generated by org.testng.reporters.JUnitReportReporter -->
<testsuite hostname="MacBook-Air-Leonid.local" failures="0" tests="1" name="test.tetsLayer.AppleTest" time="7.450" errors="0" timestamp="2025-07-08T16:11:03 MSK" skipped="0">
  <testcase classname="test.tetsLayer.AppleTest" name="nameTest" time="7.450"/>
</testsuite> <!-- test.tetsLayer.AppleTest -->
