<?xml version="1.0" encoding="UTF-8"?>
<!-- Generated by org.testng.reporters.JUnitReportReporter -->
<testsuite hostname="MacBook-Air-Leonid.local" failures="0" tests="3" name="test.tetsLayer.AppleTest" time="10.834" errors="0" timestamp="2025-04-02T11:44:08 MSK" skipped="0">
  <testcase classname="test.tetsLayer.AppleTest" name="nameTest" time="6.977"/>
  <testcase classname="test.tetsLayer.AppleTest" name="nameTest" time="1.936"/>
  <testcase classname="test.tetsLayer.AppleTest" name="nameTest" time="1.921"/>
</testsuite> <!-- test.tetsLayer.AppleTest -->
