<?xml version="1.0" encoding="UTF-8"?>
<!-- Generated by org.testng.reporters.JUnitReportReporter -->
<testsuite hostname="Air-Leonid" failures="0" tests="1" name="test.tetsLayer.AppleTest" time="1.528" errors="0" timestamp="2025-07-09T16:32:04 MSK" skipped="0">
  <testcase classname="test.tetsLayer.AppleTest" name="nameTest" time="1.528"/>
</testsuite> <!-- test.tetsLayer.AppleTest -->
